[10-Jun-2020 19:34:33 UTC] PHP Notice:  Trying to get property of non-object in /home1/comand27/public_html/website2020/wp-includes/class-wp-query.php on line 3994
[10-Jun-2020 19:34:33 UTC] PHP Notice:  Trying to get property of non-object in /home1/comand27/public_html/website2020/wp-includes/class-wp-query.php on line 3996
[10-Jun-2020 19:34:33 UTC] PHP Notice:  Trying to get property of non-object in /home1/comand27/public_html/website2020/wp-includes/class-wp-query.php on line 3998
[10-Jun-2020 19:34:33 UTC] PHP Notice:  Undefined offset: 6 in /home1/comand27/public_html/website2020/wp-content/themes/comando-cartuchos/header.php on line 228
[10-Jun-2020 19:34:33 UTC] PHP Notice:  Trying to get property of non-object in /home1/comand27/public_html/website2020/wp-content/themes/comando-cartuchos/header.php on line 228
[10-Jun-2020 19:34:33 UTC] PHP Notice:  Undefined offset: 6 in /home1/comand27/public_html/website2020/wp-content/themes/comando-cartuchos/footer.php on line 91
[10-Jun-2020 19:34:33 UTC] PHP Notice:  Trying to get property of non-object in /home1/comand27/public_html/website2020/wp-content/themes/comando-cartuchos/footer.php on line 91
[10-Jun-2020 19:34:36 UTC] PHP Notice:  Trying to get property of non-object in /home1/comand27/public_html/website2020/wp-content/themes/comando-cartuchos/includes/pages/all-pages.php on line 9
[10-Jun-2020 19:34:36 UTC] PHP Notice:  Undefined variable: all_pagesArray in /home1/comand27/public_html/website2020/wp-content/themes/comando-cartuchos/includes/pages/all-pages.php on line 15
[10-Jun-2020 19:34:36 UTC] PHP Warning:  Cannot modify header information - headers already sent by (output started at /home1/comand27/public_html/website2020/wp-content/themes/comando-cartuchos/includes/pages/all-pages.php:9) in /home1/comand27/public_html/website2020/wp-includes/functions.php on line 6221
[10-Jun-2020 19:34:36 UTC] PHP Warning:  Cannot modify header information - headers already sent by (output started at /home1/comand27/public_html/website2020/wp-content/themes/comando-cartuchos/includes/pages/all-pages.php:9) in /home1/comand27/public_html/website2020/wp-admin/includes/misc.php on line 1259
[10-Jun-2020 19:34:36 UTC] PHP Deprecated:  WP_User->id foi chamado com um argumento que está <strong>obsoleto</strong> desde a versão 2.1.0! Use <code>WP_User->ID</code> como alternativa. in /home1/comand27/public_html/website2020/wp-includes/functions.php on line 4997
[10-Jun-2020 19:34:37 UTC] PHP Warning:  Cannot modify header information - headers already sent by (output started at /home1/comand27/public_html/website2020/wp-content/themes/comando-cartuchos/includes/pages/all-pages.php:9) in /home1/comand27/public_html/website2020/wp-admin/admin-header.php on line 9
[10-Jun-2020 19:34:37 UTC] PHP Deprecated:  contextual_help está <strong>obsoleto</strong> desde a versão 3.3.0! Use get_current_screen()->add_help_tab(), get_current_screen()->remove_help_tab() em seu lugar. in /home1/comand27/public_html/website2020/wp-includes/functions.php on line 5088
[10-Jun-2020 19:34:37 UTC] PHP Deprecated:  WP_User->id foi chamado com um argumento que está <strong>obsoleto</strong> desde a versão 2.1.0! Use <code>WP_User->ID</code> como alternativa. in /home1/comand27/public_html/website2020/wp-includes/functions.php on line 4997
[10-Jun-2020 19:34:41 UTC] PHP Notice:  Trying to get property of non-object in /home1/comand27/public_html/website2020/wp-content/themes/comando-cartuchos/includes/pages/all-pages.php on line 9
[10-Jun-2020 19:34:41 UTC] PHP Notice:  Undefined variable: all_pagesArray in /home1/comand27/public_html/website2020/wp-content/themes/comando-cartuchos/includes/pages/all-pages.php on line 15
[10-Jun-2020 19:34:42 UTC] PHP Warning:  Cannot modify header information - headers already sent by (output started at /home1/comand27/public_html/website2020/wp-content/themes/comando-cartuchos/includes/pages/all-pages.php:9) in /home1/comand27/public_html/website2020/wp-includes/functions.php on line 6221
[10-Jun-2020 19:34:42 UTC] PHP Warning:  Cannot modify header information - headers already sent by (output started at /home1/comand27/public_html/website2020/wp-content/themes/comando-cartuchos/includes/pages/all-pages.php:9) in /home1/comand27/public_html/website2020/wp-admin/includes/misc.php on line 1259
[10-Jun-2020 19:34:42 UTC] PHP Warning:  Cannot modify header information - headers already sent by (output started at /home1/comand27/public_html/website2020/wp-content/themes/comando-cartuchos/includes/pages/all-pages.php:9) in /home1/comand27/public_html/website2020/wp-admin/admin-header.php on line 9
[10-Jun-2020 19:34:42 UTC] PHP Deprecated:  contextual_help está <strong>obsoleto</strong> desde a versão 3.3.0! Use get_current_screen()->add_help_tab(), get_current_screen()->remove_help_tab() em seu lugar. in /home1/comand27/public_html/website2020/wp-includes/functions.php on line 5088
[10-Jun-2020 19:34:42 UTC] PHP Deprecated:  WP_User->id foi chamado com um argumento que está <strong>obsoleto</strong> desde a versão 2.1.0! Use <code>WP_User->ID</code> como alternativa. in /home1/comand27/public_html/website2020/wp-includes/functions.php on line 4997
[10-Jun-2020 19:34:42 UTC] PHP Deprecated:  WP_User->id foi chamado com um argumento que está <strong>obsoleto</strong> desde a versão 2.1.0! Use <code>WP_User->ID</code> como alternativa. in /home1/comand27/public_html/website2020/wp-includes/functions.php on line 4997
[10-Jun-2020 19:35:39 UTC] PHP Notice:  Trying to get property of non-object in /home1/comand27/public_html/website2020/wp-content/themes/comando-cartuchos/includes/pages/all-pages.php on line 9
[10-Jun-2020 19:35:39 UTC] PHP Notice:  Undefined variable: all_pagesArray in /home1/comand27/public_html/website2020/wp-content/themes/comando-cartuchos/includes/pages/all-pages.php on line 15
[10-Jun-2020 19:35:39 UTC] PHP Warning:  Invalid argument supplied for foreach() in /home1/comand27/public_html/website2020/wp-admin/includes/plugin.php on line 1732
[10-Jun-2020 19:35:56 UTC] PHP Notice:  Trying to get property of non-object in /home1/comand27/public_html/website2020/wp-content/themes/comando-cartuchos/includes/pages/all-pages.php on line 9
[10-Jun-2020 19:35:56 UTC] PHP Notice:  Undefined variable: all_pagesArray in /home1/comand27/public_html/website2020/wp-content/themes/comando-cartuchos/includes/pages/all-pages.php on line 15
[10-Jun-2020 19:35:56 UTC] PHP Warning:  Invalid argument supplied for foreach() in /home1/comand27/public_html/website2020/wp-admin/includes/plugin.php on line 1732
[10-Jun-2020 19:36:21 UTC] PHP Notice:  Trying to get property of non-object in /home1/comand27/public_html/website2020/wp-content/themes/comando-cartuchos/includes/pages/all-pages.php on line 9
[10-Jun-2020 19:36:21 UTC] PHP Notice:  Undefined variable: all_pagesArray in /home1/comand27/public_html/website2020/wp-content/themes/comando-cartuchos/includes/pages/all-pages.php on line 15
[10-Jun-2020 19:36:21 UTC] PHP Warning:  Invalid argument supplied for foreach() in /home1/comand27/public_html/website2020/wp-admin/includes/plugin.php on line 1732
[10-Jun-2020 19:36:47 UTC] PHP Notice:  Undefined offset: 6 in /home1/comand27/public_html/website2020/wp-content/themes/comando-cartuchos/header.php on line 228
[10-Jun-2020 19:36:47 UTC] PHP Notice:  Trying to get property of non-object in /home1/comand27/public_html/website2020/wp-content/themes/comando-cartuchos/header.php on line 228
[10-Jun-2020 19:36:47 UTC] PHP Notice:  Undefined offset: 1 in /home1/comand27/public_html/website2020/wp-content/themes/comando-cartuchos/inc-sidebar.php on line 151
[10-Jun-2020 19:36:47 UTC] PHP Notice:  Trying to get property of non-object in /home1/comand27/public_html/website2020/wp-content/themes/comando-cartuchos/inc-sidebar.php on line 151
[10-Jun-2020 19:36:47 UTC] PHP Notice:  Undefined offset: 6 in /home1/comand27/public_html/website2020/wp-content/themes/comando-cartuchos/footer.php on line 91
[10-Jun-2020 19:36:47 UTC] PHP Notice:  Trying to get property of non-object in /home1/comand27/public_html/website2020/wp-content/themes/comando-cartuchos/footer.php on line 91
[10-Jun-2020 19:36:48 UTC] PHP Notice:  Undefined offset: 6 in /home1/comand27/public_html/website2020/wp-content/themes/comando-cartuchos/header.php on line 228
[10-Jun-2020 19:36:48 UTC] PHP Notice:  Trying to get property of non-object in /home1/comand27/public_html/website2020/wp-content/themes/comando-cartuchos/header.php on line 228
[10-Jun-2020 19:36:48 UTC] PHP Notice:  Undefined offset: 6 in /home1/comand27/public_html/website2020/wp-content/themes/comando-cartuchos/footer.php on line 91
[10-Jun-2020 19:36:48 UTC] PHP Notice:  Trying to get property of non-object in /home1/comand27/public_html/website2020/wp-content/themes/comando-cartuchos/footer.php on line 91
[10-Jun-2020 19:36:48 UTC] PHP Notice:  Undefined offset: 6 in /home1/comand27/public_html/website2020/wp-content/themes/comando-cartuchos/header.php on line 228
[10-Jun-2020 19:36:48 UTC] PHP Notice:  Trying to get property of non-object in /home1/comand27/public_html/website2020/wp-content/themes/comando-cartuchos/header.php on line 228
[10-Jun-2020 19:36:48 UTC] PHP Notice:  Undefined offset: 6 in /home1/comand27/public_html/website2020/wp-content/themes/comando-cartuchos/footer.php on line 91
[10-Jun-2020 19:36:48 UTC] PHP Notice:  Trying to get property of non-object in /home1/comand27/public_html/website2020/wp-content/themes/comando-cartuchos/footer.php on line 91
